2024-08-12 01:02:21,606 - INFO - Scheduler started
2024-08-12 01:02:21,609 - INFO - Scheduler started.
2024-08-12 01:02:21,611 - INFO - Scheduler started
2024-08-12 01:02:21,672 - INFO - [31m[1mWARNING: This is a development server. Do not use it in a production deployment. Use a production WSGI server instead.[0m
 * Running on http://127.0.0.1:5000
2024-08-12 01:02:21,672 - INFO - [33mPress CTRL+C to quit[0m
2024-08-12 01:02:21,673 - INFO -  * Restarting with stat
2024-08-12 01:02:22,508 - INFO - Scheduler started
2024-08-12 01:02:22,510 - INFO - Scheduler started.
2024-08-12 01:02:22,511 - INFO - Scheduler started
2024-08-12 01:02:22,563 - WARNING -  * Debugger is active!
2024-08-12 01:02:22,576 - INFO -  * Debugger PIN: 775-706-017
2024-08-12 01:03:08,413 - INFO - Added job "JobService.execute_job" to job store "default"
2024-08-12 01:03:08,414 - INFO - Job 3 scheduled with interval: 4 1 * * *
2024-08-12 01:03:08,414 - INFO - 127.0.0.1 - - [12/Aug/2024 01:03:08] "[35m[1mPOST /jobs HTTP/1.1[0m" 201 -
2024-08-12 01:04:00,009 - INFO - Running job "JobService.execute_job (trigger: cron[month='*', day='*', day_of_week='*', hour='1', minute='4'], next run at: 2024-08-12 01:04:00 IST)" (scheduled at 2024-08-12 01:04:00+05:30)
2024-08-12 01:04:00,010 - INFO - Executing job 3 with details: 1,2,35
2024-08-12 01:04:00,010 - INFO - Successfully executed the job 3 with results: 38
2024-08-12 01:04:00,010 - INFO - Job "JobService.execute_job (trigger: cron[month='*', day='*', day_of_week='*', hour='1', minute='4'], next run at: 2024-08-13 01:04:00 IST)" executed successfully
2024-08-12 01:08:14,020 - INFO -  * Detected change in 'C:\\Users\\vijaykumar\\Documents\\Schedular_microservices\\queries.py', reloading
2024-08-12 01:08:14,082 - INFO -  * Restarting with stat
2024-08-12 01:08:15,316 - INFO - Scheduler started
2024-08-12 01:08:15,318 - INFO - Scheduler started.
2024-08-12 01:08:15,319 - INFO - Scheduler started
2024-08-12 01:08:15,373 - WARNING -  * Debugger is active!
2024-08-12 01:08:15,389 - INFO -  * Debugger PIN: 775-706-017
2024-08-12 01:08:50,175 - INFO -  * Detected change in 'C:\\Users\\vijaykumar\\Documents\\Schedular_microservices\\Services\\schedular_services.py', reloading
2024-08-12 01:08:50,212 - INFO -  * Restarting with stat
2024-08-12 01:08:51,280 - INFO - Scheduler started
2024-08-12 01:08:51,284 - INFO - Scheduler started.
2024-08-12 01:08:51,285 - INFO - Scheduler started
2024-08-12 01:08:51,345 - WARNING -  * Debugger is active!
2024-08-12 01:08:51,364 - INFO -  * Debugger PIN: 775-706-017
2024-08-12 01:09:15,783 - INFO -  * Detected change in 'C:\\Users\\vijaykumar\\Documents\\Schedular_microservices\\Services\\schedular_services.py', reloading
2024-08-12 01:09:15,818 - INFO -  * Restarting with stat
2024-08-12 01:09:16,805 - INFO - Scheduler started
2024-08-12 01:09:16,808 - INFO - Scheduler started.
2024-08-12 01:09:16,809 - INFO - Scheduler started
2024-08-12 01:09:16,877 - WARNING -  * Debugger is active!
2024-08-12 01:09:16,896 - INFO -  * Debugger PIN: 775-706-017
2024-08-12 01:16:13,277 - INFO - Scheduler started
2024-08-12 01:16:13,280 - INFO - Scheduler started.
2024-08-12 01:16:13,281 - INFO - Scheduler started
2024-08-12 01:16:13,356 - INFO - [31m[1mWARNING: This is a development server. Do not use it in a production deployment. Use a production WSGI server instead.[0m
 * Running on http://127.0.0.1:5000
2024-08-12 01:16:13,356 - INFO - [33mPress CTRL+C to quit[0m
2024-08-12 01:16:13,358 - INFO -  * Restarting with stat
2024-08-12 01:16:14,706 - INFO - Scheduler started
2024-08-12 01:16:14,709 - INFO - Scheduler started.
2024-08-12 01:16:14,711 - INFO - Scheduler started
2024-08-12 01:16:14,775 - WARNING -  * Debugger is active!
2024-08-12 01:16:14,795 - INFO -  * Debugger PIN: 775-706-017
2024-08-12 01:16:25,289 - INFO - Added job "JobService.execute_job" to job store "default"
2024-08-12 01:16:25,289 - INFO - Job 4 scheduled with interval: 17 1 * * *
2024-08-12 01:16:25,290 - INFO - 127.0.0.1 - - [12/Aug/2024 01:16:25] "[35m[1mPOST /jobs HTTP/1.1[0m" 201 -
2024-08-12 01:17:00,017 - INFO - Running job "JobService.execute_job (trigger: cron[month='*', day='*', day_of_week='*', hour='1', minute='17'], next run at: 2024-08-12 01:17:00 IST)" (scheduled at 2024-08-12 01:17:00+05:30)
2024-08-12 01:17:00,054 - INFO - Executing job 4 with details: 1,2,35
2024-08-12 01:17:00,054 - INFO - Successfully executed the job 4 with results: 38
2024-08-12 01:17:00,063 - ERROR - Job "JobService.execute_job (trigger: cron[month='*', day='*', day_of_week='*', hour='1', minute='17'], next run at: 2024-08-13 01:17:00 IST)" raised an exception
Traceback (most recent call last):
  File "C:\Users\vijaykumar\AppData\Local\Programs\Python\Python39\lib\site-packages\apscheduler\executors\base.py", line 125, in run_job
    retval = job.func(*job.args, **job.kwargs)
  File "C:\Users\vijaykumar\Documents\Schedular_microservices\Services\schedular_services.py", line 85, in execute_job
    self.update_next_run()
TypeError: update_next_run() missing 1 required positional argument: 'job_id'
2024-08-12 01:18:09,535 - INFO - Scheduler started
2024-08-12 01:18:09,539 - INFO - Scheduler started.
2024-08-12 01:18:09,540 - INFO - Scheduler started
2024-08-12 01:18:09,618 - INFO - [31m[1mWARNING: This is a development server. Do not use it in a production deployment. Use a production WSGI server instead.[0m
 * Running on http://127.0.0.1:5000
2024-08-12 01:18:09,618 - INFO - [33mPress CTRL+C to quit[0m
2024-08-12 01:18:09,620 - INFO -  * Restarting with stat
2024-08-12 01:18:10,859 - INFO - Scheduler started
2024-08-12 01:18:10,862 - INFO - Scheduler started.
2024-08-12 01:18:10,864 - INFO - Scheduler started
2024-08-12 01:18:10,941 - WARNING -  * Debugger is active!
2024-08-12 01:18:10,974 - INFO -  * Debugger PIN: 775-706-017
2024-08-12 01:18:15,013 - INFO - Added job "JobService.execute_job" to job store "default"
2024-08-12 01:18:15,014 - INFO - Job 5 scheduled with interval: 19 1 * * *
2024-08-12 01:18:15,014 - INFO - 127.0.0.1 - - [12/Aug/2024 01:18:15] "[35m[1mPOST /jobs HTTP/1.1[0m" 201 -
2024-08-12 01:19:00,013 - INFO - Running job "JobService.execute_job (trigger: cron[month='*', day='*', day_of_week='*', hour='1', minute='19'], next run at: 2024-08-12 01:19:00 IST)" (scheduled at 2024-08-12 01:19:00+05:30)
2024-08-12 01:19:00,059 - INFO - Executing job 5 with details: 1,2,35
2024-08-12 01:19:00,059 - INFO - Successfully executed the job 5 with results: 38
2024-08-12 01:19:00,147 - INFO - Removed job 5
2024-08-12 01:19:00,147 - INFO - Added job "JobService.execute_job" to job store "default"
2024-08-12 01:19:00,147 - INFO - Job 5 updated with next run time: 2024-08-13 01:19:00
2024-08-12 01:19:00,147 - INFO - Job "JobService.execute_job (trigger: cron[month='*', day='*', day_of_week='*', hour='1', minute='19'], next run at: 2024-08-13 01:19:00 IST)" executed successfully
2024-08-12 01:21:10,341 - INFO - Added job "JobService.execute_job" to job store "default"
2024-08-12 01:21:10,341 - INFO - Job 6 scheduled with interval: */2 * * * *
2024-08-12 01:21:10,342 - INFO - 127.0.0.1 - - [12/Aug/2024 01:21:10] "[35m[1mPOST /jobs HTTP/1.1[0m" 201 -
2024-08-12 01:22:00,002 - INFO - Running job "JobService.execute_job (trigger: cron[month='*', day='*', day_of_week='*', hour='*', minute='*/2'], next run at: 2024-08-12 01:24:00 IST)" (scheduled at 2024-08-12 01:22:00+05:30)
2024-08-12 01:22:00,055 - INFO - Executing job 6 with details: 1,2,35
2024-08-12 01:22:00,055 - INFO - Successfully executed the job 6 with results: 38
2024-08-12 01:22:00,187 - INFO - Removed job 6
2024-08-12 01:22:00,188 - INFO - Added job "JobService.execute_job" to job store "default"
2024-08-12 01:22:00,188 - INFO - Job 6 updated with next run time: 2024-08-12 01:24:00
2024-08-12 01:22:00,188 - INFO - Job "JobService.execute_job (trigger: cron[month='*', day='*', day_of_week='*', hour='*', minute='*/2'], next run at: 2024-08-12 01:24:00 IST)" executed successfully
2024-08-12 17:57:40,363 - INFO - Scheduler started
2024-08-12 17:57:40,367 - INFO - Scheduler started.
2024-08-12 17:57:40,368 - INFO - Scheduler started
2024-08-12 17:57:40,434 - INFO - [31m[1mWARNING: This is a development server. Do not use it in a production deployment. Use a production WSGI server instead.[0m
 * Running on http://127.0.0.1:5000
2024-08-12 17:57:40,434 - INFO - [33mPress CTRL+C to quit[0m
2024-08-12 17:58:08,879 - INFO - Scheduler started
2024-08-12 17:58:08,882 - INFO - Scheduler started.
2024-08-12 17:58:08,883 - INFO - Scheduler started
2024-08-12 17:58:08,948 - INFO - [31m[1mWARNING: This is a development server. Do not use it in a production deployment. Use a production WSGI server instead.[0m
 * Running on http://127.0.0.1:5000
2024-08-12 17:58:08,948 - INFO - [33mPress CTRL+C to quit[0m
2024-08-12 17:58:30,097 - INFO - 127.0.0.1 - - [12/Aug/2024 17:58:30] "[33mPOST /jobs HTTP/1.1[0m" 404 -
2024-08-12 17:58:42,219 - INFO - 127.0.0.1 - - [12/Aug/2024 17:58:42] "GET /get_job HTTP/1.1" 200 -
2024-08-12 17:59:19,261 - INFO - Scheduler started
2024-08-12 17:59:19,264 - INFO - Scheduler started.
2024-08-12 17:59:19,266 - INFO - Scheduler started
2024-08-12 17:59:19,400 - INFO - [31m[1mWARNING: This is a development server. Do not use it in a production deployment. Use a production WSGI server instead.[0m
 * Running on http://127.0.0.1:5000
2024-08-12 17:59:19,401 - INFO - [33mPress CTRL+C to quit[0m
2024-08-12 17:59:25,304 - INFO - 127.0.0.1 - - [12/Aug/2024 17:59:25] "GET /get_job HTTP/1.1" 200 -
2024-08-12 18:00:50,684 - INFO - Scheduler started
2024-08-12 18:00:50,688 - INFO - Scheduler started.
2024-08-12 18:00:50,689 - INFO - Scheduler started
2024-08-12 18:00:50,796 - INFO - [31m[1mWARNING: This is a development server. Do not use it in a production deployment. Use a production WSGI server instead.[0m
 * Running on http://127.0.0.1:5000
2024-08-12 18:00:50,796 - INFO - [33mPress CTRL+C to quit[0m
2024-08-12 18:00:50,802 - INFO -  * Restarting with stat
2024-08-12 18:00:52,088 - INFO - Scheduler started
2024-08-12 18:00:52,092 - INFO - Scheduler started.
2024-08-12 18:00:52,093 - INFO - Scheduler started
2024-08-12 18:00:52,150 - WARNING -  * Debugger is active!
2024-08-12 18:00:52,169 - INFO -  * Debugger PIN: 775-706-017
2024-08-12 18:00:52,970 - INFO - 127.0.0.1 - - [12/Aug/2024 18:00:52] "GET /get_job HTTP/1.1" 200 -
2024-08-12 18:01:00,302 - INFO - 127.0.0.1 - - [12/Aug/2024 18:01:00] "GET /get_job HTTP/1.1" 200 -
2024-08-12 18:01:48,466 - INFO - Scheduler started
2024-08-12 18:01:48,469 - INFO - Scheduler started.
2024-08-12 18:01:48,470 - INFO - Scheduler started
2024-08-12 18:01:48,546 - INFO - [31m[1mWARNING: This is a development server. Do not use it in a production deployment. Use a production WSGI server instead.[0m
 * Running on http://127.0.0.1:5000
2024-08-12 18:01:48,546 - INFO - [33mPress CTRL+C to quit[0m
2024-08-12 18:01:48,548 - INFO -  * Restarting with stat
2024-08-12 18:01:50,018 - INFO - Scheduler started
2024-08-12 18:01:50,021 - INFO - Scheduler started.
2024-08-12 18:01:50,022 - INFO - Scheduler started
2024-08-12 18:01:50,100 - WARNING -  * Debugger is active!
2024-08-12 18:01:50,133 - INFO -  * Debugger PIN: 775-706-017
2024-08-12 18:01:51,994 - INFO - 127.0.0.1 - - [12/Aug/2024 18:01:51] "GET /get_job HTTP/1.1" 200 -
